<?xml version="1.0" encoding="UTF-8"?>
<!-- Generated by org.testng.reporters.JUnitReportReporter -->
<testsuite skipped="0" hostname="Chinnammas-Macbook-Pro.local" name="www.chinnamma.com.MoEngage.Climatedetails" tests="2" failures="0" timestamp="14 Jun 2019 09:14:55 GMT" time="2.248" errors="0">
  <testcase name="getClimateDetailsOfTheCity" time="0.883" classname="www.chinnamma.com.MoEngage.Climatedetails"/>
  <testcase name="getDelhiClimateDetails" time="1.365" classname="www.chinnamma.com.MoEngage.Climatedetails"/>
</testsuite> <!-- www.chinnamma.com.MoEngage.Climatedetails -->
