<?xml version="1.0" encoding="UTF-8"?>
<!-- Generated by org.testng.reporters.JUnitReportReporter -->
<testsuite skipped="0" hostname="Chinnammas-Macbook-Pro.local" name="www.chinnamma.com.MoEngage.BengluruTest" tests="1" failures="0" timestamp="14 Jun 2019 09:14:55 GMT" time="0.772" errors="0">
  <testcase name="getTemperatureDetails" time="0.772" classname="www.chinnamma.com.MoEngage.BengluruTest"/>
</testsuite> <!-- www.chinnamma.com.MoEngage.BengluruTest -->
